0 info it worked if it ends with ok
1 verbose cli [ '/usr/bin/nodejs', '/usr/bin/npm', 'install', '-g', 'node' ]
2 info using npm@1.3.10
3 info using node@v0.10.25
4 verbose cache add [ 'node', null ]
5 verbose cache add name=undefined spec="node" args=["node",null]
6 verbose parsed url { protocol: null,
6 verbose parsed url   slashes: null,
6 verbose parsed url   auth: null,
6 verbose parsed url   host: null,
6 verbose parsed url   port: null,
6 verbose parsed url   hostname: null,
6 verbose parsed url   hash: null,
6 verbose parsed url   search: null,
6 verbose parsed url   query: null,
6 verbose parsed url   pathname: 'node',
6 verbose parsed url   path: 'node',
6 verbose parsed url   href: 'node' }
7 silly lockFile f8e966d1-node node
8 verbose lock node /home/wannes/.npm/f8e966d1-node.lock
9 silly lockFile f8e966d1-node node
10 silly lockFile f8e966d1-node node
11 verbose addNamed [ 'node', '' ]
12 verbose addNamed [ null, '*' ]
13 silly lockFile bccd7aa1-node node@
14 verbose lock node@ /home/wannes/.npm/bccd7aa1-node.lock
15 silly addNameRange { name: 'node', range: '*', hasData: false }
16 verbose url raw node
17 verbose url resolving [ 'https://registry.npmjs.org/', './node' ]
18 verbose url resolved https://registry.npmjs.org/node
19 info trying registry request attempt 1 at 18:12:02
20 http GET https://registry.npmjs.org/node
21 http 200 https://registry.npmjs.org/node
22 silly registry.get cb [ 200,
22 silly registry.get   { server: 'nginx/1.10.1',
22 silly registry.get     'content-type': 'application/json',
22 silly registry.get     'last-modified': 'Tue, 13 Oct 2015 00:37:12 GMT',
22 silly registry.get     etag: '"561c5238-43d"',
22 silly registry.get     'cache-control': 'max-age=300',
22 silly registry.get     'content-length': '1085',
22 silly registry.get     'accept-ranges': 'bytes',
22 silly registry.get     date: 'Mon, 13 Feb 2017 17:12:02 GMT',
22 silly registry.get     via: '1.1 varnish',
22 silly registry.get     age: '0',
22 silly registry.get     connection: 'keep-alive',
22 silly registry.get     'x-served-by': 'cache-ams4131-AMS',
22 silly registry.get     'x-cache': 'MISS',
22 silly registry.get     'x-cache-hits': '0',
22 silly registry.get     'x-timer': 'S1487005922.027474,VS0,VE7',
22 silly registry.get     vary: 'Accept-Encoding' } ]
23 silly addNameRange number 2 { name: 'node', range: '*', hasData: true }
24 silly addNameRange versions [ 'node', [ '0.0.0' ] ]
25 verbose addNamed [ 'node', '0.0.0' ]
26 verbose addNamed [ '0.0.0', '0.0.0' ]
27 silly lockFile c321b6ea-node-0-0-0 node@0.0.0
28 verbose lock node@0.0.0 /home/wannes/.npm/c321b6ea-node-0-0-0.lock
29 warn deprecated node@0.0.0: To update or install node, go to http://nodejs.org/
30 silly lockFile 5a02160b-ry-npmjs-org-node-node-0-0-0-tgz https://registry.npmjs.org/node/-/node-0.0.0.tgz
31 verbose lock https://registry.npmjs.org/node/-/node-0.0.0.tgz /home/wannes/.npm/5a02160b-ry-npmjs-org-node-node-0-0-0-tgz.lock
32 verbose addRemoteTarball [ 'https://registry.npmjs.org/node/-/node-0.0.0.tgz',
32 verbose addRemoteTarball   '288d62f90530c763eff8d4831ee7343ab3d60793' ]
33 info retry fetch attempt 1 at 18:12:02
34 verbose fetch to= /home/wannes/tmp/npm-6962-D5o1tPZB/1487005922353-0.5442869982216507/tmp.tgz
35 http GET https://registry.npmjs.org/node/-/node-0.0.0.tgz
36 http 200 https://registry.npmjs.org/node/-/node-0.0.0.tgz
37 verbose tar unpack /home/wannes/tmp/npm-6962-D5o1tPZB/1487005922353-0.5442869982216507/tmp.tgz
38 silly lockFile e2d18885-22353-0-5442869982216507-package tar:///home/wannes/tmp/npm-6962-D5o1tPZB/1487005922353-0.5442869982216507/package
39 verbose lock tar:///home/wannes/tmp/npm-6962-D5o1tPZB/1487005922353-0.5442869982216507/package /home/wannes/.npm/e2d18885-22353-0-5442869982216507-package.lock
40 silly lockFile f8ebfae4-22353-0-5442869982216507-tmp-tgz tar:///home/wannes/tmp/npm-6962-D5o1tPZB/1487005922353-0.5442869982216507/tmp.tgz
41 verbose lock tar:///home/wannes/tmp/npm-6962-D5o1tPZB/1487005922353-0.5442869982216507/tmp.tgz /home/wannes/.npm/f8ebfae4-22353-0-5442869982216507-tmp-tgz.lock
42 silly gunzTarPerm modes [ '755', '644' ]
43 silly gunzTarPerm extractEntry package.json
44 silly lockFile e2d18885-22353-0-5442869982216507-package tar:///home/wannes/tmp/npm-6962-D5o1tPZB/1487005922353-0.5442869982216507/package
45 silly lockFile e2d18885-22353-0-5442869982216507-package tar:///home/wannes/tmp/npm-6962-D5o1tPZB/1487005922353-0.5442869982216507/package
46 silly lockFile f8ebfae4-22353-0-5442869982216507-tmp-tgz tar:///home/wannes/tmp/npm-6962-D5o1tPZB/1487005922353-0.5442869982216507/tmp.tgz
47 silly lockFile f8ebfae4-22353-0-5442869982216507-tmp-tgz tar:///home/wannes/tmp/npm-6962-D5o1tPZB/1487005922353-0.5442869982216507/tmp.tgz
48 verbose tar pack [ '/home/wannes/.npm/node/0.0.0/package.tgz',
48 verbose tar pack   '/home/wannes/tmp/npm-6962-D5o1tPZB/1487005922353-0.5442869982216507/package' ]
49 verbose tarball /home/wannes/.npm/node/0.0.0/package.tgz
50 verbose folder /home/wannes/tmp/npm-6962-D5o1tPZB/1487005922353-0.5442869982216507/package
51 silly lockFile e2d18885-22353-0-5442869982216507-package tar:///home/wannes/tmp/npm-6962-D5o1tPZB/1487005922353-0.5442869982216507/package
52 verbose lock tar:///home/wannes/tmp/npm-6962-D5o1tPZB/1487005922353-0.5442869982216507/package /home/wannes/.npm/e2d18885-22353-0-5442869982216507-package.lock
53 silly lockFile bbe7da9f-annes-npm-node-0-0-0-package-tgz tar:///home/wannes/.npm/node/0.0.0/package.tgz
54 verbose lock tar:///home/wannes/.npm/node/0.0.0/package.tgz /home/wannes/.npm/bbe7da9f-annes-npm-node-0-0-0-package-tgz.lock
55 silly lockFile e2d18885-22353-0-5442869982216507-package tar:///home/wannes/tmp/npm-6962-D5o1tPZB/1487005922353-0.5442869982216507/package
56 silly lockFile e2d18885-22353-0-5442869982216507-package tar:///home/wannes/tmp/npm-6962-D5o1tPZB/1487005922353-0.5442869982216507/package
57 silly lockFile bbe7da9f-annes-npm-node-0-0-0-package-tgz tar:///home/wannes/.npm/node/0.0.0/package.tgz
58 silly lockFile bbe7da9f-annes-npm-node-0-0-0-package-tgz tar:///home/wannes/.npm/node/0.0.0/package.tgz
59 silly lockFile fab2e953-me-wannes-npm-node-0-0-0-package /home/wannes/.npm/node/0.0.0/package
60 verbose lock /home/wannes/.npm/node/0.0.0/package /home/wannes/.npm/fab2e953-me-wannes-npm-node-0-0-0-package.lock
61 silly lockFile fab2e953-me-wannes-npm-node-0-0-0-package /home/wannes/.npm/node/0.0.0/package
62 silly lockFile fab2e953-me-wannes-npm-node-0-0-0-package /home/wannes/.npm/node/0.0.0/package
63 verbose tar unpack /home/wannes/.npm/node/0.0.0/package.tgz
64 silly lockFile 64009f89-me-wannes-npm-node-0-0-0-package tar:///home/wannes/.npm/node/0.0.0/package
65 verbose lock tar:///home/wannes/.npm/node/0.0.0/package /home/wannes/.npm/64009f89-me-wannes-npm-node-0-0-0-package.lock
66 silly lockFile bbe7da9f-annes-npm-node-0-0-0-package-tgz tar:///home/wannes/.npm/node/0.0.0/package.tgz
67 verbose lock tar:///home/wannes/.npm/node/0.0.0/package.tgz /home/wannes/.npm/bbe7da9f-annes-npm-node-0-0-0-package-tgz.lock
68 silly gunzTarPerm modes [ '755', '644' ]
69 silly gunzTarPerm extractEntry package.json
70 silly lockFile 64009f89-me-wannes-npm-node-0-0-0-package tar:///home/wannes/.npm/node/0.0.0/package
71 silly lockFile 64009f89-me-wannes-npm-node-0-0-0-package tar:///home/wannes/.npm/node/0.0.0/package
72 silly lockFile bbe7da9f-annes-npm-node-0-0-0-package-tgz tar:///home/wannes/.npm/node/0.0.0/package.tgz
73 silly lockFile bbe7da9f-annes-npm-node-0-0-0-package-tgz tar:///home/wannes/.npm/node/0.0.0/package.tgz
74 verbose chmod /home/wannes/.npm/node/0.0.0/package.tgz 644
75 verbose chown /home/wannes/.npm/node/0.0.0/package.tgz [ 1000, 1000 ]
76 silly lockFile 5a02160b-ry-npmjs-org-node-node-0-0-0-tgz https://registry.npmjs.org/node/-/node-0.0.0.tgz
77 silly lockFile 5a02160b-ry-npmjs-org-node-node-0-0-0-tgz https://registry.npmjs.org/node/-/node-0.0.0.tgz
78 silly lockFile c321b6ea-node-0-0-0 node@0.0.0
79 silly lockFile c321b6ea-node-0-0-0 node@0.0.0
80 silly lockFile bccd7aa1-node node@
81 silly lockFile bccd7aa1-node node@
82 silly resolved [ { name: 'node',
82 silly resolved     version: '0.0.0',
82 silly resolved     readme: 'ERROR: No README data found!',
82 silly resolved     _id: 'node@0.0.0',
82 silly resolved     dist: { shasum: '668cb8780a6c8dd35d2f645d64751c7c58e7d45b' },
82 silly resolved     deprecated: 'To update or install node, go to http://nodejs.org/',
82 silly resolved     _from: 'node@',
82 silly resolved     _resolved: 'https://registry.npmjs.org/node/-/node-0.0.0.tgz' } ]
83 info install node@0.0.0 into /usr/local/lib
84 info installOne node@0.0.0
85 info /usr/local/lib/node_modules/node unbuild
86 verbose tar unpack /home/wannes/.npm/node/0.0.0/package.tgz
87 silly lockFile 8630672c--usr-local-lib-node-modules-node tar:///usr/local/lib/node_modules/node
88 verbose lock tar:///usr/local/lib/node_modules/node /home/wannes/.npm/8630672c--usr-local-lib-node-modules-node.lock
89 silly lockFile bbe7da9f-annes-npm-node-0-0-0-package-tgz tar:///home/wannes/.npm/node/0.0.0/package.tgz
90 verbose lock tar:///home/wannes/.npm/node/0.0.0/package.tgz /home/wannes/.npm/bbe7da9f-annes-npm-node-0-0-0-package-tgz.lock
91 silly gunzTarPerm modes [ '755', '644' ]
92 error Error: EACCES, mkdir '/usr/local/lib/node_modules/node'
92 error  { [Error: EACCES, mkdir '/usr/local/lib/node_modules/node']
92 error   errno: 3,
92 error   code: 'EACCES',
92 error   path: '/usr/local/lib/node_modules/node',
92 error   fstream_type: 'Directory',
92 error   fstream_path: '/usr/local/lib/node_modules/node',
92 error   fstream_class: 'DirWriter',
92 error   fstream_stack:
92 error    [ '/usr/lib/nodejs/fstream/lib/dir-writer.js:36:23',
92 error      '/usr/lib/nodejs/mkdirp/index.js:37:53',
92 error      'Object.oncomplete (fs.js:107:15)' ] }
93 error Please try running this command again as root/Administrator.
94 error System Linux 3.19.0-25-generic
95 error command "/usr/bin/nodejs" "/usr/bin/npm" "install" "-g" "node"
96 error cwd /home/wannes/spacewriter
97 error node -v v0.10.25
98 error npm -v 1.3.10
99 error path /usr/local/lib/node_modules/node
100 error fstream_path /usr/local/lib/node_modules/node
101 error fstream_type Directory
102 error fstream_class DirWriter
103 error code EACCES
104 error errno 3
105 error stack Error: EACCES, mkdir '/usr/local/lib/node_modules/node'
106 error fstream_stack /usr/lib/nodejs/fstream/lib/dir-writer.js:36:23
106 error fstream_stack /usr/lib/nodejs/mkdirp/index.js:37:53
106 error fstream_stack Object.oncomplete (fs.js:107:15)
107 verbose exit [ 3, true ]
